生成启动时间为 2021/2/11 15:24:24。
     1>项目“E:\lenson05-c++核心编程\p84c++核心编程\p84c++核心编程\p84c++核心编程.vcxproj”在节点 2 上(Build 个目标)。
     1>ClCompile:
         C:\Program Files (x86)\Microsoft Visual Studio 14.0\VC\bin\CL.exe /c /ZI /nologo /W3 /WX- /sdl /Od /Oy- /D _UNICODE /D UNICODE /Gm /EHsc /RTC1 /MDd /GS /fp:precise /Zc:wchar_t /Zc:forScope /Zc:inline /Fo"Debug\\" /Fd"Debug\vc140.pdb" /Gd /TP /analyze- /errorReport:prompt "p98函数高级-函数重载注意事项.cpp"
         p98函数高级-函数重载注意事项.cpp
       Link:
         C:\Program Files (x86)\Microsoft Visual Studio 14.0\VC\bin\link.exe /ERRORREPORT:PROMPT /OUT:"E:\lenson05-c++核心编程\p84c++核心编程\Debug\p84c++核心编程.exe" /INCREMENTAL /NOLOGO kernel32.lib user32.lib gdi32.lib winspool.lib comdlg32.lib advapi32.lib shell32.lib ole32.lib oleaut32.lib uuid.lib odbc32.lib odbccp32.lib /MANIFEST /MANIFESTUAC:"level='asInvoker' uiAccess='false'" /manifest:embed /Debug /PDB:"E:\lenson05-c++核心编程\p84c++核心编程\Debug\p84c++核心编程.pdb" /TLBID:1 /DYNAMICBASE /NXCOMPAT /IMPLIB:"E:\lenson05-c++核心编程\p84c++核心编程\Debug\p84c++核心编程.lib" /MACHINE:X86 "Debug\p84程序内存模型.obj"
         "Debug\p85内存四区-全局区.obj"
         "Debug\p86内存四区-栈区.obj"
         "Debug\p87内存四区-堆区.obj"
         "Debug\p88程序的内存模型-new运算符.obj"
         "Debug\p89引用-引用的基本语法.obj"
         "Debug\p90引用-引用的注意事项.obj"
         "Debug\p91引用-引用作为函数的参数.obj"
         "Debug\p92引用-引用做函数的返回值.obj"
         "Debug\p93引用-引用的本质.obj"
         "Debug\p94引用-常量引用.obj"
         "Debug\p95函数高级-函数的默认参数.obj"
         "Debug\p96函数高级-函数的占位参数.obj"
         "Debug\p97函数高级-函数重载.obj"
         "Debug\p98函数高级-函数重载注意事项.obj"
         p84c++核心编程.vcxproj -> E:\lenson05-c++核心编程\p84c++核心编程\Debug\p84c++核心编程.exe
     1>已完成生成项目“E:\lenson05-c++核心编程\p84c++核心编程\p84c++核心编程\p84c++核心编程.vcxproj”(Build 个目标)的操作。

已成功生成。

已用时间 00:00:01.67
