生成启动时间为 2021/2/17 7:21:05。
     1>项目“E:\lesson07C++核心编程-类和对象-对象特性\lesson07C++核心编程-类和对象-对象特性\lesson07C++核心编程-类和对象-对象特性.vcxproj”在节点 2 上(Build 个目标)。
     1>ClCompile:
         C:\Program Files (x86)\Microsoft Visual Studio 14.0\VC\bin\CL.exe /c /ZI /nologo /W3 /WX- /sdl /Od /Oy- /D _UNICODE /D UNICODE /Gm /EHsc /RTC1 /MDd /GS /fp:precise /Zc:wchar_t /Zc:forScope /Zc:inline /Fo"Debug\\" /Fd"Debug\vc140.pdb" /Gd /TP /analyze- /errorReport:prompt "p115类和对象-对象特性-this指针的用途.cpp"
         p115类和对象-对象特性-this指针的用途.cpp
       Link:
         C:\Program Files (x86)\Microsoft Visual Studio 14.0\VC\bin\link.exe /ERRORREPORT:PROMPT /OUT:"E:\lesson07C++核心编程-类和对象-对象特性\Debug\lesson07C++核心编程-类和对象-对象特性.exe" /INCREMENTAL /NOLOGO kernel32.lib user32.lib gdi32.lib winspool.lib comdlg32.lib advapi32.lib shell32.lib ole32.lib oleaut32.lib uuid.lib odbc32.lib odbccp32.lib /MANIFEST /MANIFESTUAC:"level='asInvoker' uiAccess='false'" /manifest:embed /Debug /PDB:"E:\lesson07C++核心编程-类和对象-对象特性\Debug\lesson07C++核心编程-类和对象-对象特性.pdb" /TLBID:1 /DYNAMICBASE /NXCOMPAT /IMPLIB:"E:\lesson07C++核心编程-类和对象-对象特性\Debug\lesson07C++核心编程-类和对象-对象特性.lib" /MACHINE:X86 "Debug\p106类和对象-对象特性-构造函数.obj"
         "Debug\p107类和对象-对象特性-函数的分类以及调用.obj"
         "Debug\p108类和对象-对象特性-拷贝构造函数调用时机.obj"
         "Debug\p109类和对象-对象特性-构造函数调用规则.obj"
         "Debug\p110类和对象-对象特性-深拷贝与浅拷贝.obj"
         "Debug\p111类和对象-对象特性-初始化列表.obj"
         "Debug\p112类和对象-对象特性-类对象作为类成员.obj"
         "Debug\p113类和对象-对象特性-静态成员-静态成员函数.obj"
         "Debug\p114类和对象-对象特性-成员变量和成员函数分开存储.obj"
         "Debug\p115类和对象-对象特性-this指针的用途.obj"
         lesson07C++核心编程-类和对象-对象特性.vcxproj -> E:\lesson07C++核心编程-类和对象-对象特性\Debug\lesson07C++核心编程-类和对象-对象特性.exe
     1>已完成生成项目“E:\lesson07C++核心编程-类和对象-对象特性\lesson07C++核心编程-类和对象-对象特性\lesson07C++核心编程-类和对象-对象特性.vcxproj”(Build 个目标)的操作。

已成功生成。

已用时间 00:00:01.31
